Flow report for 1
Wed Dec 04 23:38:01 2019
Quartus II Version 9.1 Build 350 03/24/2010 Service Pack 2 SJ Web Edition


---------------------
; Table of Contents ;
---------------------
  1. Legal Notice
  2. Flow Summary
  3. Flow Settings
  4. Flow Non-Default Global Settings
  5. Flow Elapsed Time
  6. Flow OS Summary
  7. Flow Log



----------------
; Legal Notice ;
----------------
Copyright (C) 1991-2010 Altera Corporation
Your use of Altera Corporation's design tools, logic functions 
and other software and tools, and its AMPP partner logic 
functions, and any output files from any of the foregoing 
(including device programming or simulation files), and any 
associated documentation or information are expressly subject 
to the terms and conditions of the Altera Program License 
Subscription Agreement, Altera MegaCore Function License 
Agreement, or other applicable license agreement, including, 
without limitation, that your use is for the sole purpose of 
programming logic devices manufactured by Altera and sold by 
Altera or its authorized distributors.  Please refer to the 
applicable agreement for further details.



+-----------------------------------------------------------------------------------+
; Flow Summary                                                                      ;
+------------------------------------+----------------------------------------------+
; Flow Status                        ; Successful - Wed Dec 04 23:38:01 2019        ;
; Quartus II Version                 ; 9.1 Build 350 03/24/2010 SP 2 SJ Web Edition ;
; Revision Name                      ; 1                                            ;
; Top-level Entity Name              ; 1                                            ;
; Family                             ; Cyclone II                                   ;
; Met timing requirements            ; Yes                                          ;
; Total logic elements               ; 3 / 4,608 ( < 1 % )                          ;
;     Total combinational functions  ; 3 / 4,608 ( < 1 % )                          ;
;     Dedicated logic registers      ; 0 / 4,608 ( 0 % )                            ;
; Total registers                    ; 0                                            ;
; Total pins                         ; 8 / 158 ( 5 % )                              ;
; Total virtual pins                 ; 0                                            ;
; Total memory bits                  ; 0 / 119,808 ( 0 % )                          ;
; Embedded Multiplier 9-bit elements ; 0 / 26 ( 0 % )                               ;
; Total PLLs                         ; 0 / 2 ( 0 % )                                ;
; Device                             ; EP2C5F256C6                                  ;
; Timing Models                      ; Final                                        ;
+------------------------------------+----------------------------------------------+


+-----------------------------------------+
; Flow Settings                           ;
+-------------------+---------------------+
; Option            ; Setting             ;
+-------------------+---------------------+
; Start date & time ; 12/04/2019 23:37:54 ;
; Main task         ; Compilation         ;
; Revision Name     ; 1                   ;
+-------------------+---------------------+


+-------------------------------------------------------------------------------------------------------------------+
; Flow Non-Default Global Settings                                                                                  ;
+------------------------------------+-------------------------------+---------------+-------------+----------------+
; Assignment Name                    ; Value                         ; Default Value ; Entity Name ; Section Id     ;
+------------------------------------+-------------------------------+---------------+-------------+----------------+
; COMPILER_SIGNATURE_ID              ; 1095967066310.157549547303152 ; --            ; --          ; --             ;
; PARTITION_COLOR                    ; 16764057                      ; --            ; --          ; Top            ;
; PARTITION_NETLIST_TYPE             ; SOURCE                        ; --            ; --          ; Top            ;
; USE_GENERATED_PHYSICAL_CONSTRAINTS ; Off                           ; --            ; --          ; eda_blast_fpga ;
+------------------------------------+-------------------------------+---------------+-------------+----------------+


+-----------------------------------------------------------------------------------------------------------------------------+
; Flow Elapsed Time                                                                                                           ;
+-------------------------+--------------+-------------------------+---------------------+------------------------------------+
; Module Name             ; Elapsed Time ; Average Processors Used ; Peak Virtual Memory ; Total CPU Time (on all processors) ;
+-------------------------+--------------+-------------------------+---------------------+------------------------------------+
; Analysis & Synthesis    ; 00:00:01     ; 1.0                     ; 210 MB              ; 00:00:01                           ;
; Fitter                  ; 00:00:02     ; 1.0                     ; 206 MB              ; 00:00:02                           ;
; Assembler               ; 00:00:01     ; 1.0                     ; 192 MB              ; 00:00:01                           ;
; Classic Timing Analyzer ; 00:00:00     ; 1.0                     ; 153 MB              ; 00:00:00                           ;
; Total                   ; 00:00:04     ; --                      ; --                  ; 00:00:04                           ;
+-------------------------+--------------+-------------------------+---------------------+------------------------------------+


+------------------------------------------------------------------------------------------+
; Flow OS Summary                                                                          ;
+-------------------------+------------------+---------------+------------+----------------+
; Module Name             ; Machine Hostname ; OS Name       ; OS Version ; Processor type ;
+-------------------------+------------------+---------------+------------+----------------+
; Analysis & Synthesis    ; Desktop          ; Windows Vista ; 6.2        ; x86_64         ;
; Fitter                  ; Desktop          ; Windows Vista ; 6.2        ; x86_64         ;
; Assembler               ; Desktop          ; Windows Vista ; 6.2        ; x86_64         ;
; Classic Timing Analyzer ; Desktop          ; Windows Vista ; 6.2        ; x86_64         ;
+-------------------------+------------------+---------------+------------+----------------+


------------
; Flow Log ;
------------
quartus_map --read_settings_files=on --write_settings_files=off 1 -c 1
quartus_fit --read_settings_files=off --write_settings_files=off 1 -c 1
quartus_asm --read_settings_files=off --write_settings_files=off 1 -c 1
quartus_tan --read_settings_files=off --write_settings_files=off 1 -c 1 --timing_analysis_only



