This is XeTeX, Version 3.14159265-2.6-0.99998 (MiKTeX 2.9.6400 64-bit) (preloaded format=xelatex 2017.9.30)  9 OCT 2017 02:17
entering extended mode
**./comp-electronics-lab-03-01.tex
(comp-electronics-lab-03-01.tex
LaTeX2e <2017-04-15>
Babel <3.13> and hyphenation patterns for 75 language(s) loaded.
("C:\Program Files\MiKTeX 2.9\tex\latex\koma-script\scrartcl.cls"
Document Class: scrartcl 2017/09/07 v3.24 KOMA-Script document class (article)
("C:\Program Files\MiKTeX 2.9\tex\latex\koma-script\scrkbase.sty"
Package: scrkbase 2017/09/07 v3.24 KOMA-Script package (KOMA-Script-dependent b
asics and keyval usage)

("C:\Program Files\MiKTeX 2.9\tex\latex\koma-script\scrbase.sty"
Package: scrbase 2017/09/07 v3.24 KOMA-Script package (KOMA-Script-independent 
basics and keyval usage)

("C:\Program Files\MiKTeX 2.9\tex\latex\graphics\keyval.sty"
Package: keyval 2014/10/28 v1.15 key=value parser (DPC)
\KV@toks@=\toks14
)
("C:\Program Files\MiKTeX 2.9\tex\latex\koma-script\scrlfile.sty"
Package: scrlfile 2017/09/07 v3.24 KOMA-Script package (loading files)
)))
("C:\Program Files\MiKTeX 2.9\tex\latex\koma-script\tocbasic.sty"
Package: tocbasic 2017/09/07 v3.24 KOMA-Script package (handling toc-files)
\scr@dte@tocline@numberwidth=\skip41
\scr@dte@tocline@numbox=\box26
)
Package tocbasic Info: omitting babel extension for `toc'
(tocbasic)             because of feature `nobabel' available
(tocbasic)             for `toc' on input line 133.
Package tocbasic Info: omitting babel extension for `lof'
(tocbasic)             because of feature `nobabel' available
(tocbasic)             for `lof' on input line 135.
Package tocbasic Info: omitting babel extension for `lot'
(tocbasic)             because of feature `nobabel' available
(tocbasic)             for `lot' on input line 136.
Class scrartcl Info: You've used standard option `oneside'.
(scrartcl)           This is correct!
(scrartcl)           Internally I'm using `twoside=false'.
(scrartcl)           If you'd like to set the option with \KOMAoptions,
(scrartcl)           you'd have to use `twoside=false' there
(scrartcl)           instead of `oneside', too.
Package scrartcl Info: You've used standard option `12pt'.
(scrartcl)             This is correct!
(scrartcl)             Internally I'm using `fontsize=12pt'.
(scrartcl)             If you'd like to set the option with \KOMAoptions,
(scrartcl)             you'd have to use `fontsize=12pt' there
(scrartcl)             instead of `12pt', too.
Class scrartcl Info: File `scrsize12pt.clo' used to setup font sizes on input l
ine 2080.

("C:\Program Files\MiKTeX 2.9\tex\latex\koma-script\scrsize12pt.clo"
File: scrsize12pt.clo 2017/09/07 v3.24 KOMA-Script font size class option (12pt
)
)
("C:\Program Files\MiKTeX 2.9\tex\latex\koma-script\typearea.sty"
Package: typearea 2017/09/07 v3.24 KOMA-Script package (type area)
\ta@bcor=\skip42
\ta@div=\count79
Package typearea Info: You've used standard option `a4paper'.
(typearea)             This is correct!
(typearea)             Internally I'm using `paper=a4'.
(typearea)             If you'd like to set the option with \KOMAoptions,
(typearea)             you'd have to use `paper=a4' there
(typearea)             instead of `a4paper', too.
Package typearea Info: You've used standard option `oneside'.
(typearea)             This is correct!
(typearea)             Internally I'm using `twoside=false'.
(typearea)             If you'd like to set the option with \KOMAoptions,
(typearea)             you'd have to use `twoside=false' there
(typearea)             instead of `oneside', too.
\ta@hblk=\skip43
\ta@vblk=\skip44
\ta@temp=\skip45
\footheight=\skip46
Package typearea Info: These are the values describing the layout:
(typearea)             DIV  = 10
(typearea)             BCOR = 0.0pt
(typearea)             \paperwidth      = 597.50793pt
(typearea)              \textwidth      = 418.25555pt
(typearea)              DIV departure   = 0%
(typearea)              \evensidemargin = 17.3562pt
(typearea)              \oddsidemargin  = 17.3562pt
(typearea)             \paperheight     = 845.04694pt
(typearea)              \textheight     = 592.0pt
(typearea)              \topmargin      = -27.6403pt
(typearea)              \headheight     = 18.125pt
(typearea)              \headsep        = 21.75pt
(typearea)              \topskip        = 12.0pt
(typearea)              \footskip       = 50.75pt
(typearea)              \baselineskip   = 14.5pt
(typearea)              on input line 1686.
)
\c@part=\count80
\c@section=\count81
\c@subsection=\count82
\c@subsubsection=\count83
\c@paragraph=\count84
\c@subparagraph=\count85
\scr@dte@part@maxnumwidth=\skip47
\scr@dte@section@maxnumwidth=\skip48
\scr@dte@subsection@maxnumwidth=\skip49
\scr@dte@subsubsection@maxnumwidth=\skip50
\scr@dte@paragraph@maxnumwidth=\skip51
\scr@dte@subparagraph@maxnumwidth=\skip52
LaTeX Info: Redefining \textsubscript on input line 4161.
\abovecaptionskip=\skip53
\belowcaptionskip=\skip54
\c@pti@nb@sid@b@x=\box27
\c@figure=\count86
\c@table=\count87
Class scrartcl Info: Redefining `\numberline' on input line 5319.
\bibindent=\dimen102
)
("C:\Program Files\MiKTeX 2.9\tex\latex\float\float.sty"
Package: float 2001/11/08 v1.3d Float enhancements (AL)
\c@float@type=\count88
\float@exts=\toks15
\float@box=\box28
\@float@everytoks=\toks16
\@floatcapt=\box29
)
("C:\Program Files\MiKTeX 2.9\tex\latex\fontspec\fontspec.sty"
("C:\Program Files\MiKTeX 2.9\tex\latex\l3kernel\expl3.sty"
Package: expl3 2017/09/18 L3 programming layer (loader) 

("C:\Program Files\MiKTeX 2.9\tex\latex\l3kernel\expl3-code.tex"
Package: expl3 2017/09/18 L3 programming layer (code)
\c_max_int=\count89
\l_tmpa_int=\count90
\l_tmpb_int=\count91
\g_tmpa_int=\count92
\g_tmpb_int=\count93
\g__intarray_font_int=\count94
\g__prg_map_int=\count95
\c_log_iow=\count96
\l_iow_line_count_int=\count97
\l__iow_line_target_int=\count98
\l__iow_one_indent_int=\count99
\l__iow_indent_int=\count100
\c_zero_dim=\dimen103
\c_max_dim=\dimen104
\l_tmpa_dim=\dimen105
\l_tmpb_dim=\dimen106
\g_tmpa_dim=\dimen107
\g_tmpb_dim=\dimen108
\c_zero_skip=\skip55
\c_max_skip=\skip56
\l_tmpa_skip=\skip57
\l_tmpb_skip=\skip58
\g_tmpa_skip=\skip59
\g_tmpb_skip=\skip60
\c_zero_muskip=\muskip10
\c_max_muskip=\muskip11
\l_tmpa_muskip=\muskip12
\l_tmpb_muskip=\muskip13
\g_tmpa_muskip=\muskip14
\g_tmpb_muskip=\muskip15
\l_keys_choice_int=\count101
\c__fp_leading_shift_int=\count102
\c__fp_middle_shift_int=\count103
\c__fp_trailing_shift_int=\count104
\c__fp_big_leading_shift_int=\count105
\c__fp_big_middle_shift_int=\count106
\c__fp_big_trailing_shift_int=\count107
\c__fp_Bigg_leading_shift_int=\count108
\c__fp_Bigg_middle_shift_int=\count109
\c__fp_Bigg_trailing_shift_int=\count110
\l__sort_length_int=\count111
\l__sort_min_int=\count112
\l__sort_top_int=\count113
\l__sort_max_int=\count114
\l__sort_true_max_int=\count115
\l__sort_block_int=\count116
\l__sort_begin_int=\count117
\l__sort_end_int=\count118
\l__sort_A_int=\count119
\l__sort_B_int=\count120
\l__sort_C_int=\count121
\l__tl_build_start_index_int=\count122
\l__tl_build_index_int=\count123
\l__tl_analysis_normal_int=\count124
\l__tl_analysis_index_int=\count125
\l__tl_analysis_nesting_int=\count126
\l__tl_analysis_type_int=\count127
\l__regex_internal_a_int=\count128
\l__regex_internal_b_int=\count129
\l__regex_internal_c_int=\count130
\l__regex_balance_int=\count131
\l__regex_group_level_int=\count132
\l__regex_mode_int=\count133
\c__regex_cs_in_class_mode_int=\count134
\c__regex_cs_mode_int=\count135
\l__regex_catcodes_int=\count136
\l__regex_default_catcodes_int=\count137
\c__regex_catcode_L_int=\count138
\c__regex_catcode_O_int=\count139
\c__regex_catcode_A_int=\count140
\c__regex_all_catcodes_int=\count141
\l__regex_show_lines_int=\count142
\l__regex_min_state_int=\count143
\l__regex_max_state_int=\count144
\l__regex_left_state_int=\count145
\l__regex_right_state_int=\count146
\l__regex_capturing_group_int=\count147
\l__regex_min_pos_int=\count148
\l__regex_max_pos_int=\count149
\l__regex_curr_pos_int=\count150
\l__regex_start_pos_int=\count151
\l__regex_success_pos_int=\count152
\l__regex_curr_char_int=\count153
\l__regex_curr_catcode_int=\count154
\l__regex_last_char_int=\count155
\l__regex_case_changed_char_int=\count156
\l__regex_curr_state_int=\count157
\l__regex_step_int=\count158
\l__regex_min_active_int=\count159
\l__regex_max_active_int=\count160
\l__regex_replacement_csnames_int=\count161
\l__regex_match_count_int=\count162
\l__regex_min_submatch_int=\count163
\l__regex_submatch_int=\count164
\l__regex_zeroth_submatch_int=\count165
\g__debug_trace_regex_int=\count166
\c_empty_box=\box30
\l_tmpa_box=\box31
\l_tmpb_box=\box32
\g_tmpa_box=\box33
\g_tmpb_box=\box34
\l__box_top_dim=\dimen109
\l__box_bottom_dim=\dimen110
\l__box_left_dim=\dimen111
\l__box_right_dim=\dimen112
\l__box_top_new_dim=\dimen113
\l__box_bottom_new_dim=\dimen114
\l__box_left_new_dim=\dimen115
\l__box_right_new_dim=\dimen116
\l__box_internal_box=\box35
\l__coffin_internal_box=\box36
\l__coffin_internal_dim=\dimen117
\l__coffin_offset_x_dim=\dimen118
\l__coffin_offset_y_dim=\dimen119
\l__coffin_x_dim=\dimen120
\l__coffin_y_dim=\dimen121
\l__coffin_x_prime_dim=\dimen122
\l__coffin_y_prime_dim=\dimen123
\c_empty_coffin=\box37
\l__coffin_aligned_coffin=\box38
\l__coffin_aligned_internal_coffin=\box39
\l_tmpa_coffin=\box40
\l_tmpb_coffin=\box41
\l__coffin_display_coffin=\box42
\l__coffin_display_coord_coffin=\box43
\l__coffin_display_pole_coffin=\box44
\l__coffin_display_offset_dim=\dimen124
\l__coffin_display_x_dim=\dimen125
\l__coffin_display_y_dim=\dimen126
\l__coffin_bounding_shift_dim=\dimen127
\l__coffin_left_corner_dim=\dimen128
\l__coffin_right_corner_dim=\dimen129
\l__coffin_bottom_corner_dim=\dimen130
\l__coffin_top_corner_dim=\dimen131
\l__coffin_scaled_total_height_dim=\dimen132
\l__coffin_scaled_width_dim=\dimen133
)
("C:\Program Files\MiKTeX 2.9\tex\latex\l3kernel\l3xdvipdfmx.def"
File: l3xdvidpfmx.def 2017/03/18 v L3 Experimental driver: xdvipdfmx
\g__driver_image_int=\count167
\l__driver_tmp_box=\box45
))
("C:\Program Files\MiKTeX 2.9\tex\latex\l3packages\xparse\xparse.sty"
Package: xparse 2017/09/18 L3 Experimental document command parser
\l__xparse_current_arg_int=\count168
\g__xparse_grabber_int=\count169
\l__xparse_m_args_int=\count170
\l__xparse_mandatory_args_int=\count171
\l__xparse_v_nesting_int=\count172
)
Package: fontspec 2017/09/22 v2.6e Font selection for XeLaTeX and LuaLaTeX

("C:\Program Files\MiKTeX 2.9\tex\latex\fontspec\fontspec-xetex.sty"
Package: fontspec-xetex 2017/09/22 v2.6e Font selection for XeLaTeX and LuaLaTe
X
\l__fontspec_script_int=\count173
\l__fontspec_language_int=\count174
\l__fontspec_strnum_int=\count175
\l__fontspec_tmp_int=\count176
\l__fontspec_em_int=\count177
\l__fontspec_emdef_int=\count178
\l__fontspec_strong_int=\count179
\l__fontspec_strongdef_int=\count180
\l__fontspec_tmpa_dim=\dimen134
\l__fontspec_tmpb_dim=\dimen135
\l__fontspec_tmpc_dim=\dimen136
\g__file_internal_ior=\read1

("C:\Program Files\MiKTeX 2.9\tex\latex\base\fontenc.sty"
Package: fontenc 2017/04/05 v2.0i Standard LaTeX package

("C:\Program Files\MiKTeX 2.9\tex\latex\base\tuenc.def"
File: tuenc.def 2017/04/05 v2.0i Standard LaTeX file
LaTeX Font Info:    Redeclaring font encoding TU on input line 82.
))
.................................................
. LaTeX info: "xparse/define-command"
. 
. Defining command \fontspec with sig. 'O{}mO{}' on line 479.
.................................................
.................................................
. LaTeX info: "xparse/define-command"
. 
. Defining command \setmainfont with sig. 'O{}mO{}' on line 483.
.................................................
.................................................
. LaTeX info: "xparse/define-command"
. 
. Defining command \setsansfont with sig. 'O{}mO{}' on line 487.
.................................................
.................................................
. LaTeX info: "xparse/define-command"
. 
. Defining command \setmonofont with sig. 'O{}mO{}' on line 491.
.................................................
.................................................
. LaTeX info: "xparse/define-command"
. 
. Defining command \setmathrm with sig. 'O{}mO{}' on line 495.
.................................................
.................................................
. LaTeX info: "xparse/define-command"
. 
. Defining command \setboldmathrm with sig. 'O{}mO{}' on line 499.
.................................................
.................................................
. LaTeX info: "xparse/define-command"
. 
. Defining command \setmathsf with sig. 'O{}mO{}' on line 503.
.................................................
.................................................
. LaTeX info: "xparse/define-command"
. 
. Defining command \setmathtt with sig. 'O{}mO{}' on line 507.
.................................................
.................................................
. LaTeX info: "xparse/define-command"
. 
. Defining command \setromanfont with sig. 'O{}mO{}' on line 511.
.................................................
.................................................
. LaTeX info: "xparse/define-command"
. 
. Defining command \newfontfamily with sig. 'mO{}mO{}' on line 515.
.................................................
.................................................
. LaTeX info: "xparse/define-command"
. 
. Defining command \newfontface with sig. 'mO{}mO{}' on line 519.
.................................................
.................................................
. LaTeX info: "xparse/define-command"
. 
. Defining command \defaultfontfeatures with sig. 't+om' on line 523.
.................................................
.................................................
. LaTeX info: "xparse/define-command"
. 
. Defining command \addfontfeatures with sig. 'm' on line 527.
.................................................
.................................................
. LaTeX info: "xparse/define-command"
. 
. Defining command \addfontfeature with sig. 'm' on line 531.
.................................................
.................................................
. LaTeX info: "xparse/define-command"
. 
. Defining command \newfontfeature with sig. 'mm' on line 535.
.................................................
.................................................
. LaTeX info: "xparse/define-command"
. 
. Defining command \newAATfeature with sig. 'mmmm' on line 539.
.................................................
.................................................
. LaTeX info: "xparse/define-command"
. 
. Defining command \newopentypefeature with sig. 'mmm' on line 543.
.................................................
.................................................
. LaTeX info: "xparse/define-command"
. 
. Defining command \newICUfeature with sig. 'mmm' on line 547.
.................................................
.................................................
. LaTeX info: "xparse/define-command"
. 
. Defining command \aliasfontfeature with sig. 'mm' on line 551.
.................................................
.................................................
. LaTeX info: "xparse/define-command"
. 
. Defining command \aliasfontfeatureoption with sig. 'mmm' on line 555.
.................................................
.................................................
. LaTeX info: "xparse/define-command"
. 
. Defining command \newfontscript with sig. 'mm' on line 559.
.................................................
.................................................
. LaTeX info: "xparse/define-command"
. 
. Defining command \newfontlanguage with sig. 'mm' on line 563.
.................................................
.................................................
. LaTeX info: "xparse/define-command"
. 
. Defining command \DeclareFontsExtensions with sig. 'm' on line 567.
.................................................
.................................................
. LaTeX info: "xparse/define-command"
. 
. Defining command \IfFontFeatureActiveTF with sig. 'mmm' on line 571.
.................................................
.................................................
. LaTeX info: "xparse/define-command"
. 
. Defining command \EncodingCommand with sig. 'mO{}m' on line 3563.
.................................................
.................................................
. LaTeX info: "xparse/define-command"
. 
. Defining command \EncodingAccent with sig. 'mm' on line 3569.
.................................................
.................................................
. LaTeX info: "xparse/define-command"
. 
. Defining command \EncodingSymbol with sig. 'mm' on line 3575.
.................................................
.................................................
. LaTeX info: "xparse/define-command"
. 
. Defining command \EncodingComposite with sig. 'mmm' on line 3581.
.................................................
.................................................
. LaTeX info: "xparse/define-command"
. 
. Defining command \EncodingCompositeCommand with sig. 'mmm' on line 3587.
.................................................
.................................................
. LaTeX info: "xparse/define-command"
. 
. Defining command \DeclareUnicodeEncoding with sig. 'mm' on line 3612.
.................................................
.................................................
. LaTeX info: "xparse/define-command"
. 
. Defining command \UndeclareSymbol with sig. 'm' on line 3618.
.................................................
.................................................
. LaTeX info: "xparse/define-command"
. 
. Defining command \UndeclareComposite with sig. 'mm' on line 3626.
.................................................

("C:\Program Files\MiKTeX 2.9\tex\latex\fontspec\fontspec.cfg")
LaTeX Info: Redefining \itshape on input line 3804.
LaTeX Info: Redefining \slshape on input line 3809.
LaTeX Info: Redefining \scshape on input line 3814.
LaTeX Info: Redefining \upshape on input line 3819.
LaTeX Info: Redefining \em on input line 3849.
LaTeX Info: Redefining \emph on input line 3874.
LaTeX Info: Redefining \- on input line 3925.
.................................................
. LaTeX info: "xparse/redefine-command"
. 
. Redefining command \oldstylenums with sig. 'm' on line 4020.
.................................................
.................................................
. LaTeX info: "xparse/define-command"
. 
. Defining command \liningnums with sig. 'm' on line 4024.
.................................................
))
\g__fontspec_family_STIXTwoText_int=\count181
.................................................
. fontspec info: "defining-font"
. 
. Font family 'STIXTwoText(0)' created for font 'STIX Two Text' with options
. [Ligatures=TeX].
.  
.  This font family consists of the following NFSS series/shapes:
.  
. - 'normal' (m/n) with NFSS spec.: <->"STIX Two
. Text/OT:script=latn;language=DFLT;mapping=tex-text;"
. - 'small caps'  (m/sc) with NFSS spec.: <->"STIX Two
. Text/OT:script=latn;language=DFLT;+smcp;mapping=tex-text;"
. - 'bold' (bx/n) with NFSS spec.: <->"STIX Two
. Text/B/OT:script=latn;language=DFLT;mapping=tex-text;"
. - 'bold small caps'  (bx/sc) with NFSS spec.: <->"STIX Two
. Text/B/OT:script=latn;language=DFLT;+smcp;mapping=tex-text;"
. - 'italic' (m/it) with NFSS spec.: <->"STIX Two
. Text/I/OT:script=latn;language=DFLT;mapping=tex-text;"
. - 'italic small caps'  (m/itsc) with NFSS spec.: <->"STIX Two
. Text/I/OT:script=latn;language=DFLT;+smcp;mapping=tex-text;"
. - 'bold italic' (bx/it) with NFSS spec.: <->"STIX Two
. Text/BI/OT:script=latn;language=DFLT;mapping=tex-text;"
. - 'bold italic small caps'  (bx/itsc) with NFSS spec.: <->"STIX Two
. Text/BI/OT:script=latn;language=DFLT;+smcp;mapping=tex-text;"
.................................................
LaTeX Info: Redefining \rmfamily on input line 6.
\g__fontspec_family_Roboto_int=\count182
.................................................
. fontspec info: "defining-font"
. 
. Font family 'Roboto(0)' created for font 'Roboto' with options
. [Ligatures=TeX].
.  
.  This font family consists of the following NFSS series/shapes:
.  
. - 'normal' (m/n) with NFSS spec.:
. <->"Roboto/OT:script=latn;language=DFLT;mapping=tex-text;"
. - 'small caps'  (m/sc) with NFSS spec.:
. <->"Roboto/OT:script=latn;language=DFLT;+smcp;mapping=tex-text;"
. - 'bold' (bx/n) with NFSS spec.:
. <->"Roboto/B/OT:script=latn;language=DFLT;mapping=tex-text;"
. - 'bold small caps'  (bx/sc) with NFSS spec.:
. <->"Roboto/B/OT:script=latn;language=DFLT;+smcp;mapping=tex-text;"
. - 'italic' (m/it) with NFSS spec.:
. <->"Roboto/I/OT:script=latn;language=DFLT;mapping=tex-text;"
. - 'italic small caps'  (m/itsc) with NFSS spec.:
. <->"Roboto/I/OT:script=latn;language=DFLT;+smcp;mapping=tex-text;"
. - 'bold italic' (bx/it) with NFSS spec.:
. <->"Roboto/BI/OT:script=latn;language=DFLT;mapping=tex-text;"
. - 'bold italic small caps'  (bx/itsc) with NFSS spec.:
. <->"Roboto/BI/OT:script=latn;language=DFLT;+smcp;mapping=tex-text;"
.................................................
LaTeX Info: Redefining \sffamily on input line 7.
\g__fontspec_family_PTMono_int=\count183
.................................................
. fontspec info: "no-font-shape"
. 
. Could not resolve font "PT Mono/I" (it probably doesn't exist).
.................................................
.................................................
. fontspec info: "defining-font"
. 
. Font family 'PTMono(0)' created for font 'PT Mono' with options
. [WordSpace={1,0,0},HyphenChar=None,PunctuationSpace=WordSpace].
.  
.  This font family consists of the following NFSS series/shapes:
.  
. - 'normal' (m/n) with NFSS spec.: <->"PT Mono/OT:script=latn;language=DFLT;"
. - 'small caps'  (m/sc) with NFSS spec.: 
. and font adjustment code:
. \fontdimen 2\font =1\fontdimen 2\font \fontdimen 3\font =0\fontdimen 3\font
. \fontdimen 4\font =0\fontdimen 4\font \fontdimen 7\font =0\fontdimen 2\font
. \tex_hyphenchar:D \font =-1\scan_stop: 
. - 'bold' (bx/n) with NFSS spec.: <->"PT
. Mono/B/OT:script=latn;language=DFLT;"
. - 'bold small caps'  (bx/sc) with NFSS spec.: 
. and font adjustment code:
. \fontdimen 2\font =1\fontdimen 2\font \fontdimen 3\font =0\fontdimen 3\font
. \fontdimen 4\font =0\fontdimen 4\font \fontdimen 7\font =0\fontdimen 2\font
. \tex_hyphenchar:D \font =-1\scan_stop: 
. - 'bold italic' (bx/it) with NFSS spec.: <->"PT
. Mono/BI/OT:script=latn;language=DFLT;"
. - 'bold italic small caps'  (bx/itsc) with NFSS spec.: 
. and font adjustment code:
. \fontdimen 2\font =1\fontdimen 2\font \fontdimen 3\font =0\fontdimen 3\font
. \fontdimen 4\font =0\fontdimen 4\font \fontdimen 7\font =0\fontdimen 2\font
. \tex_hyphenchar:D \font =-1\scan_stop: 
.................................................
LaTeX Info: Redefining \ttfamily on input line 9.

("C:\Program Files\MiKTeX 2.9\tex\latex\microtype\microtype.sty"
Package: microtype 2017/07/07 v2.7 Micro-typographical refinements (RS)
\MT@toks=\toks17
\MT@count=\count184
LaTeX Info: Redefining \textls on input line 789.
\MT@outer@kern=\dimen137
LaTeX Info: Redefining \textmicrotypecontext on input line 1334.
\MT@listname@count=\count185

("C:\Program Files\MiKTeX 2.9\tex\latex\microtype\microtype-xetex.def"
File: microtype-xetex.def 2017/07/07 v2.7 Definitions specific to xetex (RS)
LaTeX Info: Redefining \lsstyle on input line 255.
)
Package microtype Info: Loading configuration file microtype.cfg.

("C:\Program Files\MiKTeX 2.9\tex\latex\microtype\microtype.cfg"
File: microtype.cfg 2017/07/07 v2.7 microtype main configuration file (RS)
))
("C:\Program Files\MiKTeX 2.9\tex\latex\amsmath\amsmath.sty"
Package: amsmath 2017/09/02 v2.17a AMS math features
\@mathmargin=\skip61

For additional information on amsmath, use the `?' option.
("C:\Program Files\MiKTeX 2.9\tex\latex\amsmath\amstext.sty"
Package: amstext 2000/06/29 v2.01 AMS text

("C:\Program Files\MiKTeX 2.9\tex\latex\amsmath\amsgen.sty"
File: amsgen.sty 1999/11/30 v2.0 generic functions
\@emptytoks=\toks18
\ex@=\dimen138
))
("C:\Program Files\MiKTeX 2.9\tex\latex\amsmath\amsbsy.sty"
Package: amsbsy 1999/11/29 v1.2d Bold Symbols
\pmbraise@=\dimen139
)
("C:\Program Files\MiKTeX 2.9\tex\latex\amsmath\amsopn.sty"
Package: amsopn 2016/03/08 v2.02 operator names
)
\inf@bad=\count186
LaTeX Info: Redefining \frac on input line 213.
\uproot@=\count187
\leftroot@=\count188
LaTeX Info: Redefining \overline on input line 375.
\classnum@=\count189
\DOTSCASE@=\count190
LaTeX Info: Redefining \ldots on input line 472.
LaTeX Info: Redefining \dots on input line 475.
LaTeX Info: Redefining \cdots on input line 596.
\Mathstrutbox@=\box46
\strutbox@=\box47
\big@size=\dimen140
LaTeX Font Info:    Redeclaring font encoding OML on input line 712.
LaTeX Font Info:    Redeclaring font encoding OMS on input line 713.
\macc@depth=\count191
\c@MaxMatrixCols=\count192
\dotsspace@=\muskip16
\c@parentequation=\count193
\dspbrk@lvl=\count194
\tag@help=\toks19
\row@=\count195
\column@=\count196
\maxfields@=\count197
\andhelp@=\toks20
\eqnshift@=\dimen141
\alignsep@=\dimen142
\tagshift@=\dimen143
\tagwidth@=\dimen144
\totwidth@=\dimen145
\lineht@=\dimen146
\@envbody=\toks21
\multlinegap=\skip62
\multlinetaggap=\skip63
\mathdisplay@stack=\toks22
LaTeX Info: Redefining \[ on input line 2817.
LaTeX Info: Redefining \] on input line 2818.
)
("C:\Program Files\MiKTeX 2.9\tex\latex\unicode-math\unicode-math.sty"
Package: unicode-math 2017/08/02 v0.8f Unicode maths in XeLaTeX and LuaLaTeX

("C:\Program Files\MiKTeX 2.9\tex\generic\ifxetex\ifxetex.sty"
Package: ifxetex 2010/09/12 v0.6 Provides ifxetex conditional
)
("C:\Program Files\MiKTeX 2.9\tex\generic\oberdiek\ifluatex.sty"
Package: ifluatex 2016/05/16 v1.4 Provides the ifluatex switch (HO)
Package ifluatex Info: LuaTeX not detected.
)
("C:\Program Files\MiKTeX 2.9\tex\latex\ucharcat\ucharcat.sty"
Package: ucharcat 2015/11/19 v0.03 ucharcat for luaLaTeX (DPC)
)
("C:\Program Files\MiKTeX 2.9\tex\latex\l3packages\l3keys2e\l3keys2e.sty"
Package: l3keys2e 2017/09/18 LaTeX2e option processing using LaTeX3 keys
)
("C:\Program Files\MiKTeX 2.9\tex\latex\base\fix-cm.sty"
Package: fix-cm 2015/01/14 v1.1t fixes to LaTeX

("C:\Program Files\MiKTeX 2.9\tex\latex\base\ts1enc.def"
File: ts1enc.def 2001/06/05 v3.0e (jk/car/fm) Standard LaTeX file
))
("C:\Program Files\MiKTeX 2.9\tex\latex\filehook\filehook.sty"
Package: filehook 2011/10/12 v0.5d Hooks for input files

("C:\Program Files\MiKTeX 2.9\tex\latex\filehook\filehook-scrlfile.sty"
Package: filehook-scrlfile 2011/01/03 v0.1 filehook patch for scrlfile package
Package filehook Info: Package 'scrlfile' detected and compensated for on input
 line 102.
))
\g__um_fam_int=\count198
\g__um_primekern_muskip=\muskip17
\l__um_primecount_int=\count199
.................................................
. LaTeX info: "xparse/define-command"
. 
. Defining command \unimathsetup with sig. 'm' on line 166.
.................................................

("C:\Program Files\MiKTeX 2.9\tex\latex\unicode-math\unicode-math-xetex.sty"
.................................................
. LaTeX info: "xparse/define-command"
. 
. Defining command \setmathfontface with sig. 'mO{}mO{}' on line 167.
.................................................
.................................................
. LaTeX info: "xparse/define-command"
. 
. Defining command \setoperatorfont with sig. 'm' on line 171.
.................................................
.................................................
. LaTeX info: "xparse/define-command"
. 
. Defining command \setmathfont with sig. 'O{}mO{}' on line 280.
.................................................
.................................................
. LaTeX info: "xparse/define-command"
. 
. Defining command \addnolimits with sig. 'm' on line 522.
.................................................
.................................................
. LaTeX info: "xparse/define-command"
. 
. Defining command \removenolimits with sig. 'm' on line 526.
.................................................

("C:\Program Files\MiKTeX 2.9\tex\latex\unicode-math\unicode-math-table.tex")
.................................................
. unicode-math info: "patch-macro"
. 
. I'm going to patch macro \subarray.
.................................................
.................................................
. unicode-math info: "patch-macro"
. 
. I'm going to patch macro \r@@t.
.................................................
))
\g__fontspec_family_STIXTwoMath_int=\count266
.................................................
. fontspec info: "no-font-shape"
. 
. Could not resolve font "STIX Two Math/B" (it probably doesn't exist).
.................................................
.................................................
. fontspec info: "defining-font"
. 
. Font family 'STIXTwoMath(0)' created for font 'STIX Two Math' with options
. [BoldItalicFont={},ItalicFont={},Script=Math,SizeFeatures={{Size=12-},{Size=8
-12,Font=STIX
. Two Math,Style=MathScript},{Size=-8,Font=STIX Two
. Math,Style=MathScriptScript}}].
.  
.  This font family consists of the following NFSS series/shapes:
.  
. - 'normal' (m/n) with NFSS spec.: <12->"STIX Two
. Math/OT:script=math;language=DFLT;"<8-12>"STIX Two
. Math/OT:script=math;language=DFLT;+ssty=0;"<-8>"STIX Two
. Math/OT:script=math;language=DFLT;+ssty=1;"
. - 'small caps'  (m/sc) with NFSS spec.: 
.................................................
LaTeX Font Info:    Encoding `OT1' has changed to `TU' for symbol font
(Font)              `operators' in the math version `normal' on input line 15.
LaTeX Font Info:    Overwriting symbol font `operators' in version `normal'
(Font)                  OT1/cmr/m/n --> TU/STIXTwoMath(0)/m/n on input line 15.

LaTeX Font Info:    Encoding `OT1' has changed to `TU' for symbol font
(Font)              `operators' in the math version `bold' on input line 15.
LaTeX Font Info:    Overwriting symbol font `operators' in version `bold'
(Font)                  OT1/cmr/bx/n --> TU/STIXTwoMath(0)/bx/n on input line 1
5.
.................................................
. fontspec info: "no-font-shape"
. 
. Could not resolve font "STIX Two Math/B" (it probably doesn't exist).
.................................................
.................................................
. fontspec info: "defining-font"
. 
. Font family 'STIXTwoMath(1)' created for font 'STIX Two Math' with options
. [BoldItalicFont={},ItalicFont={},Script=Math,SizeFeatures={{Size=12-},{Size=8
-12,Font=STIX
. Two Math,Style=MathScript},{Size=-8,Font=STIX Two
. Math,Style=MathScriptScript}},Scale=1.00001,FontAdjustment={\fontdimen
. 8\font =7.68pt\relax \relax \fontdimen 9\font =7.02pt\relax \relax
. \fontdimen 10\font =5.64pt\relax \relax \fontdimen 11\font =7.68pt\relax
. \relax \fontdimen 12\font =7.02pt\relax \relax \fontdimen 13\font
. =4.32pt\relax \relax \fontdimen 14\font =4.32pt\relax \relax \fontdimen
. 15\font =3.024pt\relax \relax \fontdimen 16\font =2.52pt\relax \relax
. \fontdimen 17\font =2.52pt\relax \relax \fontdimen 18\font =2.76pt\relax
. \relax \fontdimen 19\font =1.92pt\relax \relax \fontdimen 20\font =0pt\relax
. \fontdimen 21\font =0pt\relax \fontdimen 22\font =3.096pt\relax \relax }].
.  
.  This font family consists of the following NFSS series/shapes:
.  
. - 'normal' (m/n) with NFSS spec.: <12->s*[1.00001]"STIX Two
. Math/OT:script=math;language=DFLT;"<8-12>s*[1.00001]"STIX Two
. Math/OT:script=math;language=DFLT;+ssty=0;"<-8>s*[1.00001]"STIX Two
. Math/OT:script=math;language=DFLT;+ssty=1;"
. - 'small caps'  (m/sc) with NFSS spec.: 
. and font adjustment code:
. \fontdimen 8\font =7.68pt\relax \relax \fontdimen 9\font =7.02pt\relax
. \relax \fontdimen 10\font =5.64pt\relax \relax \fontdimen 11\font
. =7.68pt\relax \relax \fontdimen 12\font =7.02pt\relax \relax \fontdimen
. 13\font =4.32pt\relax \relax \fontdimen 14\font =4.32pt\relax \relax
. \fontdimen 15\font =3.024pt\relax \relax \fontdimen 16\font =2.52pt\relax
. \relax \fontdimen 17\font =2.52pt\relax \relax \fontdimen 18\font
. =2.76pt\relax \relax \fontdimen 19\font =1.92pt\relax \relax \fontdimen
. 20\font =0pt\relax \fontdimen 21\font =0pt\relax \fontdimen 22\font
. =3.096pt\relax \relax 
.................................................
LaTeX Font Info:    Encoding `OMS' has changed to `TU' for symbol font
(Font)              `symbols' in the math version `normal' on input line 15.
LaTeX Font Info:    Overwriting symbol font `symbols' in version `normal'
(Font)                  OMS/cmsy/m/n --> TU/STIXTwoMath(1)/m/n on input line 15
.
LaTeX Font Info:    Encoding `OMS' has changed to `TU' for symbol font
(Font)              `symbols' in the math version `bold' on input line 15.
LaTeX Font Info:    Overwriting symbol font `symbols' in version `bold'
(Font)                  OMS/cmsy/b/n --> TU/STIXTwoMath(1)/bx/n on input line 1
5.
.................................................
. fontspec info: "no-font-shape"
. 
. Could not resolve font "STIX Two Math/B" (it probably doesn't exist).
.................................................
.................................................
. fontspec info: "defining-font"
. 
. Font family 'STIXTwoMath(2)' created for font 'STIX Two Math' with options
. [BoldItalicFont={},ItalicFont={},Script=Math,SizeFeatures={{Size=12-},{Size=8
-12,Font=STIX
. Two Math,Style=MathScript},{Size=-8,Font=STIX Two
. Math,Style=MathScriptScript}},Scale=0.99999,FontAdjustment={\fontdimen
. 8\font =0.816pt\relax \relax \fontdimen 9\font =1.62pt\relax \relax
. \fontdimen 10\font =1.62pt\relax \relax \fontdimen 11\font =3.6pt\relax
. \relax \fontdimen 12\font =8.04pt\relax \relax \fontdimen 13\font =0pt\relax
. }].
.  
.  This font family consists of the following NFSS series/shapes:
.  
. - 'normal' (m/n) with NFSS spec.: <12->s*[0.99999]"STIX Two
. Math/OT:script=math;language=DFLT;"<8-12>s*[0.99999]"STIX Two
. Math/OT:script=math;language=DFLT;+ssty=0;"<-8>s*[0.99999]"STIX Two
. Math/OT:script=math;language=DFLT;+ssty=1;"
. - 'small caps'  (m/sc) with NFSS spec.: 
. and font adjustment code:
. \fontdimen 8\font =0.816pt\relax \relax \fontdimen 9\font =1.62pt\relax
. \relax \fontdimen 10\font =1.62pt\relax \relax \fontdimen 11\font
. =3.6pt\relax \relax \fontdimen 12\font =8.04pt\relax \relax \fontdimen
. 13\font =0pt\relax 
.................................................
LaTeX Font Info:    Encoding `OMX' has changed to `TU' for symbol font
(Font)              `largesymbols' in the math version `normal' on input line 1
5.
LaTeX Font Info:    Overwriting symbol font `largesymbols' in version `normal'
(Font)                  OMX/cmex/m/n --> TU/STIXTwoMath(2)/m/n on input line 15
.
LaTeX Font Info:    Encoding `OMX' has changed to `TU' for symbol font
(Font)              `largesymbols' in the math version `bold' on input line 15.

LaTeX Font Info:    Overwriting symbol font `largesymbols' in version `bold'
(Font)                  OMX/cmex/m/n --> TU/STIXTwoMath(2)/bx/n on input line 1
5.
("C:\Program Files\MiKTeX 2.9\tex\latex\polyglossia\polyglossia.sty"
Package: polyglossia 2015/03/25 v1.42.4 Alternative to Babel for XeLaTeX and Lu
aLaTeX

("C:\Program Files\MiKTeX 2.9\tex\latex\etoolbox\etoolbox.sty"
Package: etoolbox 2017/01/02 v2.4 e-TeX tools for LaTeX (JAW)
\etb@tempcnta=\count267
)
("C:\Program Files\MiKTeX 2.9\tex\latex\makecmds\makecmds.sty"
Package: makecmds 2009/09/03 v1.0a extra command making commands
)
("C:\Program Files\MiKTeX 2.9\tex\latex\xkeyval\xkeyval.sty"
Package: xkeyval 2014/12/03 v2.7a package option processing (HA)

("C:\Program Files\MiKTeX 2.9\tex\generic\xkeyval\xkeyval.tex"
("C:\Program Files\MiKTeX 2.9\tex\generic\xkeyval\xkvutils.tex"
\XKV@toks=\toks23
\XKV@tempa@toks=\toks24
)
\XKV@depth=\count268
File: xkeyval.tex 2014/12/03 v2.7a key=value parser (HA)
))
\xpg@normalclass=\XeTeXcharclass1
)
("C:\Program Files\MiKTeX 2.9\tex\latex\polyglossia\gloss-ukrainian.ldf"
File: gloss-ukrainian.ldf polyglossia: module for ukrainian
)
Package polyglossia Info: Default language is ukrainian.

("C:\Program Files\MiKTeX 2.9\tex\latex\graphics\graphicx.sty"
Package: graphicx 2017/06/01 v1.1a Enhanced LaTeX Graphics (DPC,SPQR)

("C:\Program Files\MiKTeX 2.9\tex\latex\graphics\graphics.sty"
Package: graphics 2017/06/25 v1.2c Standard LaTeX Graphics (DPC,SPQR)

("C:\Program Files\MiKTeX 2.9\tex\latex\graphics\trig.sty"
Package: trig 2016/01/03 v1.10 sin cos tan (DPC)
)
("C:\Program Files\MiKTeX 2.9\tex\latex\graphics-cfg\graphics.cfg"
File: graphics.cfg 2016/06/04 v1.11 sample graphics configuration
)
Package graphics Info: Driver file: xetex.def on input line 99.

("C:\Program Files\MiKTeX 2.9\tex\latex\graphics-def\xetex.def"
File: xetex.def 2017/06/24 v5.0h Graphics/color driver for xetex
))
\Gin@req@height=\dimen147
\Gin@req@width=\dimen148
)
("C:\Program Files\MiKTeX 2.9\tex\latex\booktabs\booktabs.sty"
Package: booktabs 2005/04/14 v1.61803 publication quality tables
\heavyrulewidth=\dimen149
\lightrulewidth=\dimen150
\cmidrulewidth=\dimen151
\belowrulesep=\dimen152
\belowbottomsep=\dimen153
\aboverulesep=\dimen154
\abovetopsep=\dimen155
\cmidrulesep=\dimen156
\cmidrulekern=\dimen157
\defaultaddspace=\dimen158
\@cmidla=\count269
\@cmidlb=\count270
\@aboverulesep=\dimen159
\@belowrulesep=\dimen160
\@thisruleclass=\count271
\@lastruleclass=\count272
\@thisrulewidth=\dimen161
)
("C:\Program Files\MiKTeX 2.9\tex\latex\caption\subcaption.sty"
Package: subcaption 2016/05/22 v1.1-161 Sub-captions (AR)

("C:\Program Files\MiKTeX 2.9\tex\latex\caption\caption.sty"
Package: caption 2016/02/21 v3.3-144 Customizing captions (AR)

("C:\Program Files\MiKTeX 2.9\tex\latex\caption\caption3.sty"
Package: caption3 2016/05/22 v1.7-166 caption3 kernel (AR)
Package caption3 Info: TeX engine: e-TeX on input line 67.
\captionmargin=\dimen162
\captionmargin@=\dimen163
\captionwidth=\dimen164
\caption@tempdima=\dimen165
\caption@indent=\dimen166
\caption@parindent=\dimen167
\caption@hangindent=\dimen168
)
Package caption Info: KOMA-Script document class.
\c@ContinuedFloat=\count273
Package caption Info: float package is loaded.
)
\c@subfigure=\count274
\c@subtable=\count275
)
("C:\Program Files\MiKTeX 2.9\tex\latex\siunitx\siunitx.sty"
Package: siunitx 2017/08/02 v2.7j A comprehensive (SI) units package

("C:\Program Files\MiKTeX 2.9\tex\latex\tools\array.sty"
Package: array 2016/10/06 v2.4d Tabular extension package (FMi)
\col@sep=\dimen169
\extrarowheight=\dimen170
\NC@list=\toks25
\extratabsurround=\skip64
\backup@length=\skip65
)
\l__siunitx_tmp_box=\box48
\l__siunitx_tmp_dim=\dimen171
\l__siunitx_tmp_int=\count276
\l__siunitx_number_mantissa_length_int=\count277
\l__siunitx_number_uncert_length_int=\count278
\l__siunitx_round_int=\count279
\l__siunitx_process_decimal_int=\count280
\l__siunitx_process_uncertainty_int=\count281
\l__siunitx_process_fixed_int=\count282
\l__siunitx_process_integer_min_int=\count283
\l__siunitx_process_precision_int=\count284
\l__siunitx_group_min_int=\count285
\l__siunitx_angle_marker_box=\box49
\l__siunitx_angle_unit_box=\box50
\l__siunitx_angle_marker_dim=\dimen172
\l__siunitx_angle_unit_dim=\dimen173
\l__siunitx_unit_int=\count286
\l__siunitx_unit_denominator_int=\count287
\l__siunitx_unit_numerator_int=\count288
\l__siunitx_unit_prefix_int=\count289
\l__siunitx_unit_prefix_base_int=\count290
\l__siunitx_unit_prefix_gram_int=\count291
\l__siunitx_number_product_int=\count292
\c__siunitx_one_fill_skip=\skip66
\l__siunitx_table_unit_align_skip=\skip67
\l__siunitx_table_exponent_dim=\dimen174
\l__siunitx_table_integer_dim=\dimen175
\l__siunitx_table_mantissa_dim=\dimen176
\l__siunitx_table_marker_dim=\dimen177
\l__siunitx_table_result_dim=\dimen178
\l__siunitx_table_uncert_dim=\dimen179
\l__siunitx_table_fill_pre_dim=\dimen180
\l__siunitx_table_fill_post_dim=\dimen181
\l__siunitx_table_fill_mid_dim=\dimen182
\l__siunitx_table_pre_box=\box51
\l__siunitx_table_post_box=\box52
\l__siunitx_table_mantissa_box=\box53
\l__siunitx_table_result_box=\box54
\l__siunitx_table_number_align_skip=\skip68
\l__siunitx_table_text_align_skip=\skip69
.................................................
. LaTeX info: "xparse/define-command"
. 
. Defining command \DeclareBinaryPrefix with sig. 'mmm' on line 7247.
.................................................
.................................................
. LaTeX info: "xparse/define-command"
. 
. Defining command \DeclareSIPostPower with sig. 'mm' on line 7250.
.................................................
.................................................
. LaTeX info: "xparse/define-command"
. 
. Defining command \DeclareSIPrefix with sig. 'mmm' on line 7253.
.................................................
.................................................
. LaTeX info: "xparse/define-command"
. 
. Defining command \DeclareSIPrePower with sig. 'mm' on line 7256.
.................................................
.................................................
. LaTeX info: "xparse/define-command"
. 
. Defining command \DeclareSIQualifier with sig. 'mm' on line 7259.
.................................................
.................................................
. LaTeX info: "xparse/define-command"
. 
. Defining command \DeclareSIUnit with sig. 'O{}mm' on line 7262.
.................................................
.................................................
. LaTeX info: "xparse/define-command"
. 
. Defining command \DeclareSIUnitWithOptions with sig. 'mmm' on line 7265.
.................................................
.................................................
. LaTeX info: "xparse/define-command"
. 
. Defining command \ang with sig. 'o>{\SplitArgument {2}{;}}m' on line 7280.
.................................................
.................................................
. LaTeX info: "xparse/define-command"
. 
. Defining command \num with sig. 'om' on line 7289.
.................................................
.................................................
. LaTeX info: "xparse/define-command"
. 
. Defining command \numlist with sig. 'o>{\SplitList {;}}m' on line 7298.
.................................................
.................................................
. LaTeX info: "xparse/define-command"
. 
. Defining command \numrange with sig. 'omm' on line 7307.
.................................................
.................................................
. LaTeX info: "xparse/define-command"
. 
. Defining command \SIlist with sig. 'o>{\SplitList {;}}mm' on line 7319.
.................................................
.................................................
. LaTeX info: "xparse/define-command"
. 
. Defining command \SIrange with sig. 'ommm' on line 7331.
.................................................
.................................................
. LaTeX info: "xparse/define-command"
. 
. Defining command \SI with sig. 'omom' on line 7343.
.................................................
.................................................
. LaTeX info: "xparse/define-command"
. 
. Defining command \sisetup with sig. 'm' on line 7346.
.................................................
.................................................
. LaTeX info: "xparse/define-command"
. 
. Defining command \tablenum with sig. 'om' on line 7361.
.................................................
.................................................
. LaTeX info: "xparse/define-command"
. 
. Defining command \si with sig. 'om' on line 7373.
.................................................
.................................................
. LaTeX info: "xparse/define-command"
. 
. Defining command \numInBookmark with sig. 'om' on line 7420.
.................................................
.................................................
. LaTeX info: "xparse/define-command"
. 
. Defining command \numrangeInBookmark with sig. 'omm' on line 7422.
.................................................
.................................................
. LaTeX info: "xparse/define-command"
. 
. Defining command \SIInBookmark with sig. 'omom' on line 7424.
.................................................
.................................................
. LaTeX info: "xparse/define-command"
. 
. Defining command \SIlistInBookmark with sig. 'omm' on line 7426.
.................................................
.................................................
. LaTeX info: "xparse/define-command"
. 
. Defining command \SIrangeInBookmark with sig. 'ommm' on line 7428.
.................................................
.................................................
. LaTeX info: "xparse/define-command"
. 
. Defining command \siInBookmark with sig. 'om' on line 7429.
.................................................

("C:\Program Files\MiKTeX 2.9\tex\latex\beamer\translator\translator.sty"
Package: translator 2010/06/12 ver 1.10

("C:\Program Files\MiKTeX 2.9\tex\latex\beamer\translator\translator-language-m
appings.tex")) (siunitx.cfg
File: siunitx.cfg 
)) (comp-electronics-lab-03-01.aux
.................................................
. fontspec info: "defining-font"
. 
. Font family 'STIXTwoText(1)' created for font 'STIX Two Text' with options
. [Ligatures=TeX,Script=Cyrillic].
.  
.  This font family consists of the following NFSS series/shapes:
.  
. - 'normal' (m/n) with NFSS spec.: <->"STIX Two
. Text/OT:script=cyrl;language=DFLT;mapping=tex-text;"
. - 'small caps'  (m/sc) with NFSS spec.: <->"STIX Two
. Text/OT:script=cyrl;language=DFLT;+smcp;mapping=tex-text;"
. - 'bold' (bx/n) with NFSS spec.: <->"STIX Two
. Text/B/OT:script=cyrl;language=DFLT;mapping=tex-text;"
. - 'bold small caps'  (bx/sc) with NFSS spec.: <->"STIX Two
. Text/B/OT:script=cyrl;language=DFLT;+smcp;mapping=tex-text;"
. - 'italic' (m/it) with NFSS spec.: <->"STIX Two
. Text/I/OT:script=cyrl;language=DFLT;mapping=tex-text;"
. - 'italic small caps'  (m/itsc) with NFSS spec.: <->"STIX Two
. Text/I/OT:script=cyrl;language=DFLT;+smcp;mapping=tex-text;"
. - 'bold italic' (bx/it) with NFSS spec.: <->"STIX Two
. Text/BI/OT:script=cyrl;language=DFLT;mapping=tex-text;"
. - 'bold italic small caps'  (bx/itsc) with NFSS spec.: <->"STIX Two
. Text/BI/OT:script=cyrl;language=DFLT;+smcp;mapping=tex-text;"
.................................................
)
\openout1 = `comp-electronics-lab-03-01.aux'.

LaTeX Font Info:    Checking defaults for OML/cmm/m/it on input line 31.
LaTeX Font Info:    ... okay on input line 31.
LaTeX Font Info:    Checking defaults for T1/cmr/m/n on input line 31.
LaTeX Font Info:    ... okay on input line 31.
LaTeX Font Info:    Checking defaults for OT1/cmr/m/n on input line 31.
LaTeX Font Info:    ... okay on input line 31.
LaTeX Font Info:    Checking defaults for OMS/cmsy/m/n on input line 31.
LaTeX Font Info:    ... okay on input line 31.
LaTeX Font Info:    Checking defaults for TU/lmr/m/n on input line 31.
LaTeX Font Info:    ... okay on input line 31.
LaTeX Font Info:    Checking defaults for OMX/cmex/m/n on input line 31.
LaTeX Font Info:    ... okay on input line 31.
LaTeX Font Info:    Checking defaults for U/cmr/m/n on input line 31.
LaTeX Font Info:    ... okay on input line 31.
LaTeX Font Info:    Checking defaults for TS1/cmr/m/n on input line 31.
LaTeX Font Info:    ... okay on input line 31.
LaTeX Info: Redefining \microtypecontext on input line 31.
Package microtype Info: Character protrusion enabled (level 2).
Package microtype Info: Using default protrusion set `alltext'.
Package microtype Info: No adjustment of tracking.
Package microtype Info: No adjustment of spacing.
Package microtype Info: No adjustment of kerning.
Package microtype Info: Loading generic protrusion settings for font family
(microtype)             `STIXTwoText' (encoding: TU).
(microtype)             For optimal results, create family-specific settings.
(microtype)             See the microtype manual for details.
Package caption Info: Begin \AtBeginDocument code.
Package caption Info: End \AtBeginDocument code.

("C:\Program Files\MiKTeX 2.9\tex\latex\beamer\translator\dicts\translator-basi
c-dictionary\translator-basic-dictionary-English.dict"
Dictionary: translator-basic-dictionary, Language: English 
)
("C:\Program Files\MiKTeX 2.9\tex\latex\siunitx\siunitx-abbreviations.cfg"
File: siunitx-abbreviations.cfg 2017/08/02 v2.7j siunitx: Abbreviated units
)
\c__siunitx_mathsf_int=\count293
Package microtype Info: Loading generic protrusion settings for font family
(microtype)             `STIXTwoMath' (encoding: TU).
(microtype)             For optimal results, create family-specific settings.
(microtype)             See the microtype manual for details.
LaTeX Font Info:    Font shape `TU/STIXTwoMath(1)/m/n' will be
(Font)              scaled to size 12.00018pt on input line 31.
LaTeX Font Info:    Font shape `TU/STIXTwoMath(1)/m/n' will be
(Font)              scaled to size 8.41495pt on input line 31.
LaTeX Font Info:    Font shape `TU/STIXTwoMath(1)/m/n' will be
(Font)              scaled to size 6.60612pt on input line 31.
LaTeX Font Info:    Font shape `TU/STIXTwoMath(2)/m/n' will be
(Font)              scaled to size 11.99982pt on input line 31.
LaTeX Font Info:    Font shape `TU/STIXTwoMath(2)/m/n' will be
(Font)              scaled to size 8.41469pt on input line 31.
LaTeX Font Info:    Font shape `TU/STIXTwoMath(2)/m/n' will be
(Font)              scaled to size 6.60593pt on input line 31.
Package microtype Info: Loading generic protrusion settings for font family
(microtype)             `cmss' (encoding: OT1).
(microtype)             For optimal results, create family-specific settings.
(microtype)             See the microtype manual for details.
\c__siunitx_mathtt_int=\count294
Package microtype Info: Loading generic protrusion settings for font family
(microtype)             `cmtt' (encoding: OT1).
(microtype)             For optimal results, create family-specific settings.
(microtype)             See the microtype manual for details.

[1

]
Package microtype Info: Loading generic protrusion settings for font family
(microtype)             `Roboto' (encoding: TU).
(microtype)             For optimal results, create family-specific settings.
(microtype)             See the microtype manual for details.
.................................................
. fontspec info: "defining-font"
. 
. Font family 'Roboto(1)' created for font 'Roboto' with options
. [Ligatures=TeX,Script=Cyrillic].
.  
.  This font family consists of the following NFSS series/shapes:
.  
. - 'normal' (m/n) with NFSS spec.:
. <->"Roboto/OT:script=cyrl;language=DFLT;mapping=tex-text;"
. - 'small caps'  (m/sc) with NFSS spec.:
. <->"Roboto/OT:script=cyrl;language=DFLT;+smcp;mapping=tex-text;"
. - 'bold' (bx/n) with NFSS spec.:
. <->"Roboto/B/OT:script=cyrl;language=DFLT;mapping=tex-text;"
. - 'bold small caps'  (bx/sc) with NFSS spec.:
. <->"Roboto/B/OT:script=cyrl;language=DFLT;+smcp;mapping=tex-text;"
. - 'italic' (m/it) with NFSS spec.:
. <->"Roboto/I/OT:script=cyrl;language=DFLT;mapping=tex-text;"
. - 'italic small caps'  (m/itsc) with NFSS spec.:
. <->"Roboto/I/OT:script=cyrl;language=DFLT;+smcp;mapping=tex-text;"
. - 'bold italic' (bx/it) with NFSS spec.:
. <->"Roboto/BI/OT:script=cyrl;language=DFLT;mapping=tex-text;"
. - 'bold italic small caps'  (bx/itsc) with NFSS spec.:
. <->"Roboto/BI/OT:script=cyrl;language=DFLT;+smcp;mapping=tex-text;"
.................................................
File: lab-03-01-schematic.png Graphic file (type bmp)
<lab-03-01-schematic.png>
 [2] (1p5v-nodiode.pdf_tex
File: 1p5v-nodiode.pdf Graphic file (type pdf)
<use 1p5v-nodiode.pdf, page 1>
File: 1p5v-nodiode.pdf Graphic file (type pdf)
<use 1p5v-nodiode.pdf, page 2>
File: 1p5v-nodiode.pdf Graphic file (type pdf)
<use 1p5v-nodiode.pdf, page 3>
File: 1p5v-nodiode.pdf Graphic file (type pdf)
<use 1p5v-nodiode.pdf, page 4>
File: 1p5v-nodiode.pdf Graphic file (type pdf)
<use 1p5v-nodiode.pdf, page 5>
File: 1p5v-nodiode.pdf Graphic file (type pdf)
<use 1p5v-nodiode.pdf, page 6>
File: 1p5v-nodiode.pdf Graphic file (type pdf)
<use 1p5v-nodiode.pdf, page 7>
File: 1p5v-nodiode.pdf Graphic file (type pdf)
<use 1p5v-nodiode.pdf, page 8>
File: 1p5v-nodiode.pdf Graphic file (type pdf)
<use 1p5v-nodiode.pdf, page 9>
File: 1p5v-nodiode.pdf Graphic file (type pdf)
<use 1p5v-nodiode.pdf, page 10>
File: 1p5v-nodiode.pdf Graphic file (type pdf)
<use 1p5v-nodiode.pdf, page 11>
File: 1p5v-nodiode.pdf Graphic file (type pdf)
<use 1p5v-nodiode.pdf, page 12>
File: 1p5v-nodiode.pdf Graphic file (type pdf)
<use 1p5v-nodiode.pdf, page 13>
File: 1p5v-nodiode.pdf Graphic file (type pdf)
<use 1p5v-nodiode.pdf, page 14>
File: 1p5v-nodiode.pdf Graphic file (type pdf)
<use 1p5v-nodiode.pdf, page 15>
File: 1p5v-nodiode.pdf Graphic file (type pdf)
<use 1p5v-nodiode.pdf, page 16>
File: 1p5v-nodiode.pdf Graphic file (type pdf)
<use 1p5v-nodiode.pdf, page 17>
File: 1p5v-nodiode.pdf Graphic file (type pdf)
<use 1p5v-nodiode.pdf, page 18>
File: 1p5v-nodiode.pdf Graphic file (type pdf)
<use 1p5v-nodiode.pdf, page 19>
File: 1p5v-nodiode.pdf Graphic file (type pdf)
<use 1p5v-nodiode.pdf, page 20>
File: 1p5v-nodiode.pdf Graphic file (type pdf)
<use 1p5v-nodiode.pdf, page 21>
File: 1p5v-nodiode.pdf Graphic file (type pdf)
<use 1p5v-nodiode.pdf, page 22>
File: 1p5v-nodiode.pdf Graphic file (type pdf)
<use 1p5v-nodiode.pdf, page 23>
File: 1p5v-nodiode.pdf Graphic file (type pdf)
<use 1p5v-nodiode.pdf, page 24>
File: 1p5v-nodiode.pdf Graphic file (type pdf)
<use 1p5v-nodiode.pdf, page 25>
File: 1p5v-nodiode.pdf Graphic file (type pdf)
<use 1p5v-nodiode.pdf, page 26>
File: 1p5v-nodiode.pdf Graphic file (type pdf)
<use 1p5v-nodiode.pdf, page 27>
File: 1p5v-nodiode.pdf Graphic file (type pdf)
<use 1p5v-nodiode.pdf, page 28>
File: 1p5v-nodiode.pdf Graphic file (type pdf)
<use 1p5v-nodiode.pdf, page 29>
File: 1p5v-nodiode.pdf Graphic file (type pdf)
<use 1p5v-nodiode.pdf, page 30>
File: 1p5v-nodiode.pdf Graphic file (type pdf)
<use 1p5v-nodiode.pdf, page 31>
File: 1p5v-nodiode.pdf Graphic file (type pdf)
<use 1p5v-nodiode.pdf, page 32>
File: 1p5v-nodiode.pdf Graphic file (type pdf)
<use 1p5v-nodiode.pdf, page 33>
File: 1p5v-nodiode.pdf Graphic file (type pdf)
<use 1p5v-nodiode.pdf, page 34>
File: 1p5v-nodiode.pdf Graphic file (type pdf)
<use 1p5v-nodiode.pdf, page 35>
) [3] (1p5v-diode.pdf_tex
File: 1p5v-diode.pdf Graphic file (type pdf)
<use 1p5v-diode.pdf, page 1>
File: 1p5v-diode.pdf Graphic file (type pdf)
<use 1p5v-diode.pdf, page 2>
File: 1p5v-diode.pdf Graphic file (type pdf)
<use 1p5v-diode.pdf, page 3>
File: 1p5v-diode.pdf Graphic file (type pdf)
<use 1p5v-diode.pdf, page 4>
File: 1p5v-diode.pdf Graphic file (type pdf)
<use 1p5v-diode.pdf, page 5>
File: 1p5v-diode.pdf Graphic file (type pdf)
<use 1p5v-diode.pdf, page 6>
File: 1p5v-diode.pdf Graphic file (type pdf)
<use 1p5v-diode.pdf, page 7>
File: 1p5v-diode.pdf Graphic file (type pdf)
<use 1p5v-diode.pdf, page 8>
File: 1p5v-diode.pdf Graphic file (type pdf)
<use 1p5v-diode.pdf, page 9>
File: 1p5v-diode.pdf Graphic file (type pdf)
<use 1p5v-diode.pdf, page 10>
File: 1p5v-diode.pdf Graphic file (type pdf)
<use 1p5v-diode.pdf, page 11>
File: 1p5v-diode.pdf Graphic file (type pdf)
<use 1p5v-diode.pdf, page 12>
File: 1p5v-diode.pdf Graphic file (type pdf)
<use 1p5v-diode.pdf, page 13>
File: 1p5v-diode.pdf Graphic file (type pdf)
<use 1p5v-diode.pdf, page 14>
File: 1p5v-diode.pdf Graphic file (type pdf)
<use 1p5v-diode.pdf, page 15>
File: 1p5v-diode.pdf Graphic file (type pdf)
<use 1p5v-diode.pdf, page 16>
File: 1p5v-diode.pdf Graphic file (type pdf)
<use 1p5v-diode.pdf, page 17>
File: 1p5v-diode.pdf Graphic file (type pdf)
<use 1p5v-diode.pdf, page 18>
File: 1p5v-diode.pdf Graphic file (type pdf)
<use 1p5v-diode.pdf, page 19>
File: 1p5v-diode.pdf Graphic file (type pdf)
<use 1p5v-diode.pdf, page 20>
File: 1p5v-diode.pdf Graphic file (type pdf)
<use 1p5v-diode.pdf, page 21>
File: 1p5v-diode.pdf Graphic file (type pdf)
<use 1p5v-diode.pdf, page 22>
File: 1p5v-diode.pdf Graphic file (type pdf)
<use 1p5v-diode.pdf, page 23>
File: 1p5v-diode.pdf Graphic file (type pdf)
<use 1p5v-diode.pdf, page 24>
File: 1p5v-diode.pdf Graphic file (type pdf)
<use 1p5v-diode.pdf, page 25>
File: 1p5v-diode.pdf Graphic file (type pdf)
<use 1p5v-diode.pdf, page 26>
File: 1p5v-diode.pdf Graphic file (type pdf)
<use 1p5v-diode.pdf, page 27>
File: 1p5v-diode.pdf Graphic file (type pdf)
<use 1p5v-diode.pdf, page 28>
File: 1p5v-diode.pdf Graphic file (type pdf)
<use 1p5v-diode.pdf, page 29>
File: 1p5v-diode.pdf Graphic file (type pdf)
<use 1p5v-diode.pdf, page 30>
File: 1p5v-diode.pdf Graphic file (type pdf)
<use 1p5v-diode.pdf, page 31>
File: 1p5v-diode.pdf Graphic file (type pdf)
<use 1p5v-diode.pdf, page 32>
File: 1p5v-diode.pdf Graphic file (type pdf)
<use 1p5v-diode.pdf, page 33>
) [4]
(0p7v-nodiode-edited.pdf_tex
File: 0p7v-nodiode-edited.pdf Graphic file (type pdf)
<use 0p7v-nodiode-edited.pdf, page 1>
File: 0p7v-nodiode-edited.pdf Graphic file (type pdf)
<use 0p7v-nodiode-edited.pdf, page 2>
File: 0p7v-nodiode-edited.pdf Graphic file (type pdf)
<use 0p7v-nodiode-edited.pdf, page 3>
File: 0p7v-nodiode-edited.pdf Graphic file (type pdf)
<use 0p7v-nodiode-edited.pdf, page 4>
File: 0p7v-nodiode-edited.pdf Graphic file (type pdf)
<use 0p7v-nodiode-edited.pdf, page 5>
File: 0p7v-nodiode-edited.pdf Graphic file (type pdf)
<use 0p7v-nodiode-edited.pdf, page 6>
File: 0p7v-nodiode-edited.pdf Graphic file (type pdf)
<use 0p7v-nodiode-edited.pdf, page 7>
File: 0p7v-nodiode-edited.pdf Graphic file (type pdf)
<use 0p7v-nodiode-edited.pdf, page 8>
File: 0p7v-nodiode-edited.pdf Graphic file (type pdf)
<use 0p7v-nodiode-edited.pdf, page 9>
File: 0p7v-nodiode-edited.pdf Graphic file (type pdf)
<use 0p7v-nodiode-edited.pdf, page 10>
File: 0p7v-nodiode-edited.pdf Graphic file (type pdf)
<use 0p7v-nodiode-edited.pdf, page 11>
File: 0p7v-nodiode-edited.pdf Graphic file (type pdf)
<use 0p7v-nodiode-edited.pdf, page 12>
File: 0p7v-nodiode-edited.pdf Graphic file (type pdf)
<use 0p7v-nodiode-edited.pdf, page 13>
File: 0p7v-nodiode-edited.pdf Graphic file (type pdf)
<use 0p7v-nodiode-edited.pdf, page 14>
File: 0p7v-nodiode-edited.pdf Graphic file (type pdf)
<use 0p7v-nodiode-edited.pdf, page 15>
File: 0p7v-nodiode-edited.pdf Graphic file (type pdf)
<use 0p7v-nodiode-edited.pdf, page 16>
File: 0p7v-nodiode-edited.pdf Graphic file (type pdf)
<use 0p7v-nodiode-edited.pdf, page 17>
File: 0p7v-nodiode-edited.pdf Graphic file (type pdf)
<use 0p7v-nodiode-edited.pdf, page 18>
File: 0p7v-nodiode-edited.pdf Graphic file (type pdf)
<use 0p7v-nodiode-edited.pdf, page 19>
File: 0p7v-nodiode-edited.pdf Graphic file (type pdf)
<use 0p7v-nodiode-edited.pdf, page 20>
File: 0p7v-nodiode-edited.pdf Graphic file (type pdf)
<use 0p7v-nodiode-edited.pdf, page 21>
File: 0p7v-nodiode-edited.pdf Graphic file (type pdf)
<use 0p7v-nodiode-edited.pdf, page 22>
File: 0p7v-nodiode-edited.pdf Graphic file (type pdf)
<use 0p7v-nodiode-edited.pdf, page 23>
File: 0p7v-nodiode-edited.pdf Graphic file (type pdf)
<use 0p7v-nodiode-edited.pdf, page 24>
File: 0p7v-nodiode-edited.pdf Graphic file (type pdf)
<use 0p7v-nodiode-edited.pdf, page 25>
File: 0p7v-nodiode-edited.pdf Graphic file (type pdf)
<use 0p7v-nodiode-edited.pdf, page 26>
File: 0p7v-nodiode-edited.pdf Graphic file (type pdf)
<use 0p7v-nodiode-edited.pdf, page 27>
File: 0p7v-nodiode-edited.pdf Graphic file (type pdf)
<use 0p7v-nodiode-edited.pdf, page 28>
File: 0p7v-nodiode-edited.pdf Graphic file (type pdf)
<use 0p7v-nodiode-edited.pdf, page 29>
File: 0p7v-nodiode-edited.pdf Graphic file (type pdf)
<use 0p7v-nodiode-edited.pdf, page 30>
File: 0p7v-nodiode-edited.pdf Graphic file (type pdf)
<use 0p7v-nodiode-edited.pdf, page 31>
File: 0p7v-nodiode-edited.pdf Graphic file (type pdf)
<use 0p7v-nodiode-edited.pdf, page 32>
File: 0p7v-nodiode-edited.pdf Graphic file (type pdf)
<use 0p7v-nodiode-edited.pdf, page 33>
File: 0p7v-nodiode-edited.pdf Graphic file (type pdf)
<use 0p7v-nodiode-edited.pdf, page 34>
File: 0p7v-nodiode-edited.pdf Graphic file (type pdf)
<use 0p7v-nodiode-edited.pdf, page 35>
) (0p7v-diode-edited.pdf_tex
File: 0p7v-diode-edited.pdf Graphic file (type pdf)
<use 0p7v-diode-edited.pdf, page 1>
File: 0p7v-diode-edited.pdf Graphic file (type pdf)
<use 0p7v-diode-edited.pdf, page 2>
File: 0p7v-diode-edited.pdf Graphic file (type pdf)
<use 0p7v-diode-edited.pdf, page 3>
File: 0p7v-diode-edited.pdf Graphic file (type pdf)
<use 0p7v-diode-edited.pdf, page 4>
File: 0p7v-diode-edited.pdf Graphic file (type pdf)
<use 0p7v-diode-edited.pdf, page 5>
File: 0p7v-diode-edited.pdf Graphic file (type pdf)
<use 0p7v-diode-edited.pdf, page 6>
File: 0p7v-diode-edited.pdf Graphic file (type pdf)
<use 0p7v-diode-edited.pdf, page 7>
File: 0p7v-diode-edited.pdf Graphic file (type pdf)
<use 0p7v-diode-edited.pdf, page 8>
File: 0p7v-diode-edited.pdf Graphic file (type pdf)
<use 0p7v-diode-edited.pdf, page 9>
File: 0p7v-diode-edited.pdf Graphic file (type pdf)
<use 0p7v-diode-edited.pdf, page 10>
File: 0p7v-diode-edited.pdf Graphic file (type pdf)
<use 0p7v-diode-edited.pdf, page 11>
File: 0p7v-diode-edited.pdf Graphic file (type pdf)
<use 0p7v-diode-edited.pdf, page 12>
File: 0p7v-diode-edited.pdf Graphic file (type pdf)
<use 0p7v-diode-edited.pdf, page 13>
File: 0p7v-diode-edited.pdf Graphic file (type pdf)
<use 0p7v-diode-edited.pdf, page 14>
File: 0p7v-diode-edited.pdf Graphic file (type pdf)
<use 0p7v-diode-edited.pdf, page 15>
File: 0p7v-diode-edited.pdf Graphic file (type pdf)
<use 0p7v-diode-edited.pdf, page 16>
File: 0p7v-diode-edited.pdf Graphic file (type pdf)
<use 0p7v-diode-edited.pdf, page 17>
File: 0p7v-diode-edited.pdf Graphic file (type pdf)
<use 0p7v-diode-edited.pdf, page 18>
File: 0p7v-diode-edited.pdf Graphic file (type pdf)
<use 0p7v-diode-edited.pdf, page 19>
File: 0p7v-diode-edited.pdf Graphic file (type pdf)
<use 0p7v-diode-edited.pdf, page 20>
File: 0p7v-diode-edited.pdf Graphic file (type pdf)
<use 0p7v-diode-edited.pdf, page 21>
File: 0p7v-diode-edited.pdf Graphic file (type pdf)
<use 0p7v-diode-edited.pdf, page 22>
File: 0p7v-diode-edited.pdf Graphic file (type pdf)
<use 0p7v-diode-edited.pdf, page 23>
File: 0p7v-diode-edited.pdf Graphic file (type pdf)
<use 0p7v-diode-edited.pdf, page 24>
File: 0p7v-diode-edited.pdf Graphic file (type pdf)
<use 0p7v-diode-edited.pdf, page 25>
File: 0p7v-diode-edited.pdf Graphic file (type pdf)
<use 0p7v-diode-edited.pdf, page 26>
File: 0p7v-diode-edited.pdf Graphic file (type pdf)
<use 0p7v-diode-edited.pdf, page 27>
File: 0p7v-diode-edited.pdf Graphic file (type pdf)
<use 0p7v-diode-edited.pdf, page 28>
File: 0p7v-diode-edited.pdf Graphic file (type pdf)
<use 0p7v-diode-edited.pdf, page 29>
File: 0p7v-diode-edited.pdf Graphic file (type pdf)
<use 0p7v-diode-edited.pdf, page 30>
File: 0p7v-diode-edited.pdf Graphic file (type pdf)
<use 0p7v-diode-edited.pdf, page 31>
File: 0p7v-diode-edited.pdf Graphic file (type pdf)
<use 0p7v-diode-edited.pdf, page 32>
File: 0p7v-diode-edited.pdf Graphic file (type pdf)
<use 0p7v-diode-edited.pdf, page 33>
File: 0p7v-diode-edited.pdf Graphic file (type pdf)
<use 0p7v-diode-edited.pdf, page 34>
File: 0p7v-diode-edited.pdf Graphic file (type pdf)
<use 0p7v-diode-edited.pdf, page 35>
File: 0p7v-diode-edited.pdf Graphic file (type pdf)
<use 0p7v-diode-edited.pdf, page 36>
) [5]
(2p3v-nodiode-edited.pdf_tex
File: 2p3v-nodiode-edited.pdf Graphic file (type pdf)
<use 2p3v-nodiode-edited.pdf, page 1>
File: 2p3v-nodiode-edited.pdf Graphic file (type pdf)
<use 2p3v-nodiode-edited.pdf, page 2>
File: 2p3v-nodiode-edited.pdf Graphic file (type pdf)
<use 2p3v-nodiode-edited.pdf, page 3>
File: 2p3v-nodiode-edited.pdf Graphic file (type pdf)
<use 2p3v-nodiode-edited.pdf, page 4>
File: 2p3v-nodiode-edited.pdf Graphic file (type pdf)
<use 2p3v-nodiode-edited.pdf, page 5>
File: 2p3v-nodiode-edited.pdf Graphic file (type pdf)
<use 2p3v-nodiode-edited.pdf, page 6>
File: 2p3v-nodiode-edited.pdf Graphic file (type pdf)
<use 2p3v-nodiode-edited.pdf, page 7>
File: 2p3v-nodiode-edited.pdf Graphic file (type pdf)
<use 2p3v-nodiode-edited.pdf, page 8>
File: 2p3v-nodiode-edited.pdf Graphic file (type pdf)
<use 2p3v-nodiode-edited.pdf, page 9>
File: 2p3v-nodiode-edited.pdf Graphic file (type pdf)
<use 2p3v-nodiode-edited.pdf, page 10>
File: 2p3v-nodiode-edited.pdf Graphic file (type pdf)
<use 2p3v-nodiode-edited.pdf, page 11>
File: 2p3v-nodiode-edited.pdf Graphic file (type pdf)
<use 2p3v-nodiode-edited.pdf, page 12>
File: 2p3v-nodiode-edited.pdf Graphic file (type pdf)
<use 2p3v-nodiode-edited.pdf, page 13>
File: 2p3v-nodiode-edited.pdf Graphic file (type pdf)
<use 2p3v-nodiode-edited.pdf, page 14>
File: 2p3v-nodiode-edited.pdf Graphic file (type pdf)
<use 2p3v-nodiode-edited.pdf, page 15>
File: 2p3v-nodiode-edited.pdf Graphic file (type pdf)
<use 2p3v-nodiode-edited.pdf, page 16>
File: 2p3v-nodiode-edited.pdf Graphic file (type pdf)
<use 2p3v-nodiode-edited.pdf, page 17>
File: 2p3v-nodiode-edited.pdf Graphic file (type pdf)
<use 2p3v-nodiode-edited.pdf, page 18>
File: 2p3v-nodiode-edited.pdf Graphic file (type pdf)
<use 2p3v-nodiode-edited.pdf, page 19>
File: 2p3v-nodiode-edited.pdf Graphic file (type pdf)
<use 2p3v-nodiode-edited.pdf, page 20>
File: 2p3v-nodiode-edited.pdf Graphic file (type pdf)
<use 2p3v-nodiode-edited.pdf, page 21>
File: 2p3v-nodiode-edited.pdf Graphic file (type pdf)
<use 2p3v-nodiode-edited.pdf, page 22>
File: 2p3v-nodiode-edited.pdf Graphic file (type pdf)
<use 2p3v-nodiode-edited.pdf, page 23>
File: 2p3v-nodiode-edited.pdf Graphic file (type pdf)
<use 2p3v-nodiode-edited.pdf, page 24>
File: 2p3v-nodiode-edited.pdf Graphic file (type pdf)
<use 2p3v-nodiode-edited.pdf, page 25>
File: 2p3v-nodiode-edited.pdf Graphic file (type pdf)
<use 2p3v-nodiode-edited.pdf, page 26>
File: 2p3v-nodiode-edited.pdf Graphic file (type pdf)
<use 2p3v-nodiode-edited.pdf, page 27>
File: 2p3v-nodiode-edited.pdf Graphic file (type pdf)
<use 2p3v-nodiode-edited.pdf, page 28>
File: 2p3v-nodiode-edited.pdf Graphic file (type pdf)
<use 2p3v-nodiode-edited.pdf, page 29>
File: 2p3v-nodiode-edited.pdf Graphic file (type pdf)
<use 2p3v-nodiode-edited.pdf, page 30>
File: 2p3v-nodiode-edited.pdf Graphic file (type pdf)
<use 2p3v-nodiode-edited.pdf, page 31>
File: 2p3v-nodiode-edited.pdf Graphic file (type pdf)
<use 2p3v-nodiode-edited.pdf, page 32>
File: 2p3v-nodiode-edited.pdf Graphic file (type pdf)
<use 2p3v-nodiode-edited.pdf, page 33>
File: 2p3v-nodiode-edited.pdf Graphic file (type pdf)
<use 2p3v-nodiode-edited.pdf, page 34>
File: 2p3v-nodiode-edited.pdf Graphic file (type pdf)
<use 2p3v-nodiode-edited.pdf, page 35>
File: 2p3v-nodiode-edited.pdf Graphic file (type pdf)
<use 2p3v-nodiode-edited.pdf, page 36>
File: 2p3v-nodiode-edited.pdf Graphic file (type pdf)
<use 2p3v-nodiode-edited.pdf, page 37>
) [6] (2p3v-diode-edited.pdf_tex
File: 2p3v-diode-edited.pdf Graphic file (type pdf)
<use 2p3v-diode-edited.pdf, page 1>
File: 2p3v-diode-edited.pdf Graphic file (type pdf)
<use 2p3v-diode-edited.pdf, page 2>
File: 2p3v-diode-edited.pdf Graphic file (type pdf)
<use 2p3v-diode-edited.pdf, page 3>
File: 2p3v-diode-edited.pdf Graphic file (type pdf)
<use 2p3v-diode-edited.pdf, page 4>
File: 2p3v-diode-edited.pdf Graphic file (type pdf)
<use 2p3v-diode-edited.pdf, page 5>
File: 2p3v-diode-edited.pdf Graphic file (type pdf)
<use 2p3v-diode-edited.pdf, page 6>
File: 2p3v-diode-edited.pdf Graphic file (type pdf)
<use 2p3v-diode-edited.pdf, page 7>
File: 2p3v-diode-edited.pdf Graphic file (type pdf)
<use 2p3v-diode-edited.pdf, page 8>
File: 2p3v-diode-edited.pdf Graphic file (type pdf)
<use 2p3v-diode-edited.pdf, page 9>
File: 2p3v-diode-edited.pdf Graphic file (type pdf)
<use 2p3v-diode-edited.pdf, page 10>
File: 2p3v-diode-edited.pdf Graphic file (type pdf)
<use 2p3v-diode-edited.pdf, page 11>
File: 2p3v-diode-edited.pdf Graphic file (type pdf)
<use 2p3v-diode-edited.pdf, page 12>
File: 2p3v-diode-edited.pdf Graphic file (type pdf)
<use 2p3v-diode-edited.pdf, page 13>
File: 2p3v-diode-edited.pdf Graphic file (type pdf)
<use 2p3v-diode-edited.pdf, page 14>
File: 2p3v-diode-edited.pdf Graphic file (type pdf)
<use 2p3v-diode-edited.pdf, page 15>
File: 2p3v-diode-edited.pdf Graphic file (type pdf)
<use 2p3v-diode-edited.pdf, page 16>
File: 2p3v-diode-edited.pdf Graphic file (type pdf)
<use 2p3v-diode-edited.pdf, page 17>
File: 2p3v-diode-edited.pdf Graphic file (type pdf)
<use 2p3v-diode-edited.pdf, page 18>
File: 2p3v-diode-edited.pdf Graphic file (type pdf)
<use 2p3v-diode-edited.pdf, page 19>
File: 2p3v-diode-edited.pdf Graphic file (type pdf)
<use 2p3v-diode-edited.pdf, page 20>
File: 2p3v-diode-edited.pdf Graphic file (type pdf)
<use 2p3v-diode-edited.pdf, page 21>
File: 2p3v-diode-edited.pdf Graphic file (type pdf)
<use 2p3v-diode-edited.pdf, page 22>
File: 2p3v-diode-edited.pdf Graphic file (type pdf)
<use 2p3v-diode-edited.pdf, page 23>
File: 2p3v-diode-edited.pdf Graphic file (type pdf)
<use 2p3v-diode-edited.pdf, page 24>
File: 2p3v-diode-edited.pdf Graphic file (type pdf)
<use 2p3v-diode-edited.pdf, page 25>
File: 2p3v-diode-edited.pdf Graphic file (type pdf)
<use 2p3v-diode-edited.pdf, page 26>
File: 2p3v-diode-edited.pdf Graphic file (type pdf)
<use 2p3v-diode-edited.pdf, page 27>
File: 2p3v-diode-edited.pdf Graphic file (type pdf)
<use 2p3v-diode-edited.pdf, page 28>
File: 2p3v-diode-edited.pdf Graphic file (type pdf)
<use 2p3v-diode-edited.pdf, page 29>
File: 2p3v-diode-edited.pdf Graphic file (type pdf)
<use 2p3v-diode-edited.pdf, page 30>
File: 2p3v-diode-edited.pdf Graphic file (type pdf)
<use 2p3v-diode-edited.pdf, page 31>
File: 2p3v-diode-edited.pdf Graphic file (type pdf)
<use 2p3v-diode-edited.pdf, page 32>
File: 2p3v-diode-edited.pdf Graphic file (type pdf)
<use 2p3v-diode-edited.pdf, page 33>
File: 2p3v-diode-edited.pdf Graphic file (type pdf)
<use 2p3v-diode-edited.pdf, page 34>
File: 2p3v-diode-edited.pdf Graphic file (type pdf)
<use 2p3v-diode-edited.pdf, page 35>
) [7] [8]
(comp-electronics-lab-03-01.aux) ) 
Here is how much of TeX's memory you used:
 23259 strings out of 427827
 488227 string characters out of 3152365
 749879 words of memory out of 3000000
 27003 multiletter control sequences out of 15000+200000
 537840 words of font info for 111 fonts, out of 3000000 for 9000
 1328 hyphenation exceptions out of 8191
 68i,18n,112p,10395b,1329s stack positions out of 5000i,500n,10000p,200000b,50000s

Output written on comp-electronics-lab-03-01.pdf (8 pages).
